0 info it worked if it ends with ok
1 verbose cli [ '/usr/local/bin/node', '/usr/local/bin/npm', 'run', 'examples' ]
2 info using npm@3.10.10
3 info using node@v6.9.4
4 verbose run-script [ 'preexamples', 'examples', 'postexamples' ]
5 info lifecycle angular-yuzi@0.1.0~preexamples: angular-yuzi@0.1.0
6 silly lifecycle angular-yuzi@0.1.0~preexamples: no script for preexamples, continuing
7 info lifecycle angular-yuzi@0.1.0~examples: angular-yuzi@0.1.0
8 verbose lifecycle angular-yuzi@0.1.0~examples: unsafe-perm in lifecycle true
9 verbose lifecycle angular-yuzi@0.1.0~examples: PATH: /usr/local/lib/node_modules/npm/bin/node-gyp-bin:/code/angular-yuzi/node_modules/.bin:/usr/local/lib/node_modules/npm/bin/node-gyp-bin:/code/angular-yuzi/node_modules/.bin:/usr/local/bin:/usr/bin:/bin:/usr/sbin:/sbin:/usr/local/git/bin:/Users/curt/.rvm/bin
10 verbose lifecycle angular-yuzi@0.1.0~examples: CWD: /code/angular-yuzi
11 silly lifecycle angular-yuzi@0.1.0~examples: Args: [ '-c', 'webpack --config webpack.examples.js' ]
12 silly lifecycle angular-yuzi@0.1.0~examples: Returned: code: 2  signal: null
13 info lifecycle angular-yuzi@0.1.0~examples: Failed to exec examples script
14 verbose stack Error: angular-yuzi@0.1.0 examples: `webpack --config webpack.examples.js`
14 verbose stack Exit status 2
14 verbose stack     at EventEmitter.<anonymous> (/usr/local/lib/node_modules/npm/lib/utils/lifecycle.js:255:16)
14 verbose stack     at emitTwo (events.js:106:13)
14 verbose stack     at EventEmitter.emit (events.js:191:7)
14 verbose stack     at ChildProcess.<anonymous> (/usr/local/lib/node_modules/npm/lib/utils/spawn.js:40:14)
14 verbose stack     at emitTwo (events.js:106:13)
14 verbose stack     at ChildProcess.emit (events.js:191:7)
14 verbose stack     at maybeClose (internal/child_process.js:877:16)
14 verbose stack     at Process.ChildProcess._handle.onexit (internal/child_process.js:226:5)
15 verbose pkgid angular-yuzi@0.1.0
16 verbose cwd /code/angular-yuzi
17 error Darwin 16.4.0
18 error argv "/usr/local/bin/node" "/usr/local/bin/npm" "run" "examples"
19 error node v6.9.4
20 error npm  v3.10.10
21 error code ELIFECYCLE
22 error angular-yuzi@0.1.0 examples: `webpack --config webpack.examples.js`
22 error Exit status 2
23 error Failed at the angular-yuzi@0.1.0 examples script 'webpack --config webpack.examples.js'.
23 error Make sure you have the latest version of node.js and npm installed.
23 error If you do, this is most likely a problem with the angular-yuzi package,
23 error not with npm itself.
23 error Tell the author that this fails on your system:
23 error     webpack --config webpack.examples.js
23 error You can get information on how to open an issue for this project with:
23 error     npm bugs angular-yuzi
23 error Or if that isn't available, you can get their info via:
23 error     npm owner ls angular-yuzi
23 error There is likely additional logging output above.
24 verbose exit [ 1, true ]
